This is pdfTeX, Version 3.141592653-2.6-1.40.22 (MiKTeX 21.6) (preloaded format=pdflatex 2021.6.13)  3 JUL 2021 13:13
entering extended mode
**./CharacterizingNonatomic.tex
(CharacterizingNonatomic.tex
LaTeX2e <2021-06-01>
L3 programming layer <2021-06-01> (C:\Program Files\MiKTeX\tex/latex/base\artic
le.cls
Document Class: article 2021/02/12 v1.4n Standard LaTeX document class
(C:\Program Files\MiKTeX\tex/latex/base\size12.clo
File: size12.clo 2021/02/12 v1.4n Standard LaTeX file (size option)
)
\c@part=\count182
\c@section=\count183
\c@subsection=\count184
\c@subsubsection=\count185
\c@paragraph=\count186
\c@subparagraph=\count187
\c@figure=\count188
\c@table=\count189
\abovecaptionskip=\skip47
\belowcaptionskip=\skip48
\bibindent=\dimen138
) (C:\Program Files\MiKTeX\tex/latex/geometry\geometry.sty
Package: geometry 2020/01/02 v5.9 Page Geometry
(C:\Program Files\MiKTeX\tex/latex/graphics\keyval.sty
Package: keyval 2014/10/28 v1.15 key=value parser (DPC)
\KV@toks@=\toks16
) (C:\Program Files\MiKTeX\tex/generic/iftex\ifvtex.sty
Package: ifvtex 2019/10/25 v1.7 ifvtex legacy package. Use iftex instead.
(C:\Program Files\MiKTeX\tex/generic/iftex\iftex.sty
Package: iftex 2020/03/06 v1.0d TeX engine tests
))
\Gm@cnth=\count190
\Gm@cntv=\count191
\c@Gm@tempcnt=\count192
\Gm@bindingoffset=\dimen139
\Gm@wd@mp=\dimen140
\Gm@odd@mp=\dimen141
\Gm@even@mp=\dimen142
\Gm@layoutwidth=\dimen143
\Gm@layoutheight=\dimen144
\Gm@layouthoffset=\dimen145
\Gm@layoutvoffset=\dimen146
\Gm@dimlist=\toks17
(C:\Program Files\MiKTeX\tex/latex/geometry\geometry.cfg)) (C:\Program Files\Mi
KTeX\tex/latex/amsfonts\amssymb.sty
Package: amssymb 2013/01/14 v3.01 AMS font symbols
(C:\Program Files\MiKTeX\tex/latex/amsfonts\amsfonts.sty
Package: amsfonts 2013/01/14 v3.01 Basic AMSFonts support
\@emptytoks=\toks18
\symAMSa=\mathgroup4
\symAMSb=\mathgroup5
LaTeX Font Info:    Redeclaring math symbol \hbar on input line 98.
LaTeX Font Info:    Overwriting math alphabet `\mathfrak' in version `bold'
(Font)                  U/euf/m/n --> U/euf/b/n on input line 106.
)) (C:\Program Files\MiKTeX\tex/latex/amsmath\amsmath.sty
Package: amsmath 2021/04/20 v2.17j AMS math features
\@mathmargin=\skip49
For additional information on amsmath, use the `?' option.
(C:\Program Files\MiKTeX\tex/latex/amsmath\amstext.sty
Package: amstext 2000/06/29 v2.01 AMS text
(C:\Program Files\MiKTeX\tex/latex/amsmath\amsgen.sty
File: amsgen.sty 1999/11/30 v2.0 generic functions
\@emptytoks=\toks19
\ex@=\dimen147
)) (C:\Program Files\MiKTeX\tex/latex/amsmath\amsbsy.sty
Package: amsbsy 1999/11/29 v1.2d Bold Symbols
\pmbraise@=\dimen148
) (C:\Program Files\MiKTeX\tex/latex/amsmath\amsopn.sty
Package: amsopn 2016/03/08 v2.02 operator names
)
\inf@bad=\count193
LaTeX Info: Redefining \frac on input line 234.
\uproot@=\count194
\leftroot@=\count195
LaTeX Info: Redefining \overline on input line 399.
\classnum@=\count196
\DOTSCASE@=\count197
LaTeX Info: Redefining \ldots on input line 496.
LaTeX Info: Redefining \dots on input line 499.
LaTeX Info: Redefining \cdots on input line 620.
\Mathstrutbox@=\box50
\strutbox@=\box51
\big@size=\dimen149
LaTeX Font Info:    Redeclaring font encoding OML on input line 743.
LaTeX Font Info:    Redeclaring font encoding OMS on input line 744.
\macc@depth=\count198
\c@MaxMatrixCols=\count199
\dotsspace@=\muskip16
\c@parentequation=\count266
\dspbrk@lvl=\count267
\tag@help=\toks20
\row@=\count268
\column@=\count269
\maxfields@=\count270
\andhelp@=\toks21
\eqnshift@=\dimen150
\alignsep@=\dimen151
\tagshift@=\dimen152
\tagwidth@=\dimen153
\totwidth@=\dimen154
\lineht@=\dimen155
\@envbody=\toks22
\multlinegap=\skip50
\multlinetaggap=\skip51
\mathdisplay@stack=\toks23
LaTeX Info: Redefining \[ on input line 2923.
LaTeX Info: Redefining \] on input line 2924.
) (C:\Program Files\MiKTeX\tex/latex/amscls\amsthm.sty
Package: amsthm 2020/05/29 v2.20.6
\thm@style=\toks24
\thm@bodyfont=\toks25
\thm@headfont=\toks26
\thm@notefont=\toks27
\thm@headpunct=\toks28
\thm@preskip=\skip52
\thm@postskip=\skip53
\thm@headsep=\skip54
\dth@everypar=\toks29
) (C:\Program Files\MiKTeX\tex/latex/setspace\setspace.sty
Package: setspace 2011/12/19 v6.7a set line spacing
) (C:\Program Files\MiKTeX\tex/latex/caption\caption.sty
Package: caption 2020/10/26 v3.5g Customizing captions (AR)
(C:\Program Files\MiKTeX\tex/latex/caption\caption3.sty
Package: caption3 2020/10/21 v2.2e caption3 kernel (AR)
\captionmargin=\dimen156
\captionmargin@=\dimen157
\captionwidth=\dimen158
\caption@tempdima=\dimen159
\caption@indent=\dimen160
\caption@parindent=\dimen161
\caption@hangindent=\dimen162
Package caption Info: Standard document class detected.
)
\c@caption@flags=\count271
\c@continuedfloat=\count272
) (C:\Program Files\MiKTeX\tex/latex/cancel\cancel.sty
Package: cancel 2013/04/12 v2.2 Cancel math terms
) (C:\Program Files\MiKTeX\tex/latex/graphics\graphicx.sty
Package: graphicx 2020/12/05 v1.2c Enhanced LaTeX Graphics (DPC,SPQR)
(C:\Program Files\MiKTeX\tex/latex/graphics\graphics.sty
Package: graphics 2021/03/04 v1.4d Standard LaTeX Graphics (DPC,SPQR)
(C:\Program Files\MiKTeX\tex/latex/graphics\trig.sty
Package: trig 2016/01/03 v1.10 sin cos tan (DPC)
) (C:\Program Files\MiKTeX\tex/latex/graphics-cfg\graphics.cfg
File: graphics.cfg 2016/06/04 v1.11 sample graphics configuration
)
Package graphics Info: Driver file: pdftex.def on input line 107.
(C:\Program Files\MiKTeX\tex/latex/graphics-def\pdftex.def
File: pdftex.def 2020/10/05 v1.2a Graphics/color driver for pdftex
))
\Gin@req@height=\dimen163
\Gin@req@width=\dimen164
) (C:\Program Files\MiKTeX\tex/latex/relsize\relsize.sty
Package: relsize 2013/03/29 ver 4.1
) (C:\Program Files\MiKTeX\tex/latex/hyperref\hyperref.sty
Package: hyperref 2021-06-07 v7.00m Hypertext links for LaTeX
(C:\Program Files\MiKTeX\tex/generic/ltxcmds\ltxcmds.sty
Package: ltxcmds 2020-05-10 v1.25 LaTeX kernel commands for general use (HO)
) (C:\Program Files\MiKTeX\tex/generic/pdftexcmds\pdftexcmds.sty
Package: pdftexcmds 2020-06-27 v0.33 Utility functions of pdfTeX for LuaTeX (HO
)
(C:\Program Files\MiKTeX\tex/generic/infwarerr\infwarerr.sty
Package: infwarerr 2019/12/03 v1.5 Providing info/warning/error messages (HO)
)
Package pdftexcmds Info: \pdf@primitive is available.
Package pdftexcmds Info: \pdf@ifprimitive is available.
Package pdftexcmds Info: \pdfdraftmode found.
) (C:\Program Files\MiKTeX\tex/generic/kvsetkeys\kvsetkeys.sty
Package: kvsetkeys 2019/12/15 v1.18 Key value parser (HO)
) (C:\Program Files\MiKTeX\tex/generic/kvdefinekeys\kvdefinekeys.sty
Package: kvdefinekeys 2019-12-19 v1.6 Define keys (HO)
) (C:\Program Files\MiKTeX\tex/generic/pdfescape\pdfescape.sty
Package: pdfescape 2019/12/09 v1.15 Implements pdfTeX's escape features (HO)
) (C:\Program Files\MiKTeX\tex/latex/hycolor\hycolor.sty
Package: hycolor 2020-01-27 v1.10 Color options for hyperref/bookmark (HO)
) (C:\Program Files\MiKTeX\tex/latex/letltxmacro\letltxmacro.sty
Package: letltxmacro 2019/12/03 v1.6 Let assignment for LaTeX macros (HO)
) (C:\Program Files\MiKTeX\tex/latex/auxhook\auxhook.sty
Package: auxhook 2019-12-17 v1.6 Hooks for auxiliary files (HO)
) (C:\Program Files\MiKTeX\tex/latex/kvoptions\kvoptions.sty
Package: kvoptions 2020-10-07 v3.14 Key value format for package options (HO)
)
\@linkdim=\dimen165
\Hy@linkcounter=\count273
\Hy@pagecounter=\count274
(C:\Program Files\MiKTeX\tex/latex/hyperref\pd1enc.def
File: pd1enc.def 2021-06-07 v7.00m Hyperref: PDFDocEncoding definition (HO)
Now handling font encoding PD1 ...
... no UTF-8 mapping file for font encoding PD1
) (C:\Program Files\MiKTeX\tex/latex/hyperref\hyperref-langpatches.def
File: hyperref-langpatches.def 2021-06-07 v7.00m Hyperref: patches for babel la
nguages
) (C:\Program Files\MiKTeX\tex/generic/intcalc\intcalc.sty
Package: intcalc 2019/12/15 v1.3 Expandable calculations with integers (HO)
) (C:\Program Files\MiKTeX\tex/generic/etexcmds\etexcmds.sty
Package: etexcmds 2019/12/15 v1.7 Avoid name clashes with e-TeX commands (HO)
)
\Hy@SavedSpaceFactor=\count275
(C:\Program Files\MiKTeX\tex/latex/hyperref\puenc.def
File: puenc.def 2021-06-07 v7.00m Hyperref: PDF Unicode definition (HO)
Now handling font encoding PU ...
... no UTF-8 mapping file for font encoding PU
)
Package hyperref Info: Hyper figures OFF on input line 4192.
Package hyperref Info: Link nesting OFF on input line 4197.
Package hyperref Info: Hyper index ON on input line 4200.
Package hyperref Info: Plain pages OFF on input line 4207.
Package hyperref Info: Backreferencing OFF on input line 4212.
Package hyperref Info: Implicit mode ON; LaTeX internals redefined.
Package hyperref Info: Bookmarks ON on input line 4445.
\c@Hy@tempcnt=\count276
(C:\Program Files\MiKTeX\tex/latex/url\url.sty
\Urlmuskip=\muskip17
Package: url 2013/09/16  ver 3.4  Verb mode for urls, etc.
)
LaTeX Info: Redefining \url on input line 4804.
\XeTeXLinkMargin=\dimen166
(C:\Program Files\MiKTeX\tex/generic/bitset\bitset.sty
Package: bitset 2019/12/09 v1.3 Handle bit-vector datatype (HO)
(C:\Program Files\MiKTeX\tex/generic/bigintcalc\bigintcalc.sty
Package: bigintcalc 2019/12/15 v1.5 Expandable calculations on big integers (HO
)
))
\Fld@menulength=\count277
\Field@Width=\dimen167
\Fld@charsize=\dimen168
Package hyperref Info: Hyper figures OFF on input line 6076.
Package hyperref Info: Link nesting OFF on input line 6081.
Package hyperref Info: Hyper index ON on input line 6084.
Package hyperref Info: backreferencing OFF on input line 6091.
Package hyperref Info: Link coloring OFF on input line 6096.
Package hyperref Info: Link coloring with OCG OFF on input line 6101.
Package hyperref Info: PDF/A mode OFF on input line 6106.
LaTeX Info: Redefining \ref on input line 6146.
LaTeX Info: Redefining \pageref on input line 6150.
(C:\Program Files\MiKTeX\tex/latex/base\atbegshi-ltx.sty
Package: atbegshi-ltx 2021/01/10 v1.0c Emulation of the original atbegshi
package with kernel methods
)
\Hy@abspage=\count278
\c@Item=\count279
\c@Hfootnote=\count280
)
Package hyperref Info: Driver (autodetected): hpdftex.
(C:\Program Files\MiKTeX\tex/latex/hyperref\hpdftex.def
File: hpdftex.def 2021-06-07 v7.00m Hyperref driver for pdfTeX
(C:\Program Files\MiKTeX\tex/latex/base\atveryend-ltx.sty
Package: atveryend-ltx 2020/08/19 v1.0a Emulation of the original atvery packag
e
with kernel methods
)
\Fld@listcount=\count281
\c@bookmark@seq@number=\count282
(C:\Program Files\MiKTeX\tex/latex/rerunfilecheck\rerunfilecheck.sty
Package: rerunfilecheck 2019/12/05 v1.9 Rerun checks for auxiliary files (HO)
(C:\Program Files\MiKTeX\tex/generic/uniquecounter\uniquecounter.sty
Package: uniquecounter 2019/12/15 v1.4 Provide unlimited unique counter (HO)
)
Package uniquecounter Info: New unique counter `rerunfilecheck' on input line 2
86.
)
\Hy@SectionHShift=\skip55
) (C:\Program Files\MiKTeX\tex/latex/biblatex\biblatex.sty
Package: biblatex 2020/12/31 v3.16 programmable bibliographies (PK/MW)
(C:\Program Files\MiKTeX\tex/latex/etoolbox\etoolbox.sty
Package: etoolbox 2020/10/05 v2.5k e-TeX tools for LaTeX (JAW)
\etb@tempcnta=\count283
) (C:\Program Files\MiKTeX\tex/latex/logreq\logreq.sty
Package: logreq 2010/08/04 v1.0 xml request logger
\lrq@indent=\count284
(C:\Program Files\MiKTeX\tex/latex/logreq\logreq.def
File: logreq.def 2010/08/04 v1.0 logreq spec v1.0
)) (C:\Program Files\MiKTeX\tex/latex/base\ifthen.sty
Package: ifthen 2020/11/24 v1.1c Standard LaTeX ifthen package (DPC)
)
\c@tabx@nest=\count285
\c@listtotal=\count286
\c@listcount=\count287
\c@liststart=\count288
\c@liststop=\count289
\c@citecount=\count290
\c@citetotal=\count291
\c@multicitecount=\count292
\c@multicitetotal=\count293
\c@instcount=\count294
\c@maxnames=\count295
\c@minnames=\count296
\c@maxitems=\count297
\c@minitems=\count298
\c@citecounter=\count299
\c@maxcitecounter=\count300
\c@savedcitecounter=\count301
\c@uniquelist=\count302
\c@uniquename=\count303
\c@refsection=\count304
\c@refsegment=\count305
\c@maxextratitle=\count306
\c@maxextratitleyear=\count307
\c@maxextraname=\count308
\c@maxextradate=\count309
\c@maxextraalpha=\count310
\c@abbrvpenalty=\count311
\c@highnamepenalty=\count312
\c@lownamepenalty=\count313
\c@maxparens=\count314
\c@parenlevel=\count315
\blx@tempcnta=\count316
\blx@tempcntb=\count317
\blx@tempcntc=\count318
\blx@maxsection=\count319
\blx@maxsegment@0=\count320
\blx@notetype=\count321
\blx@parenlevel@text=\count322
\blx@parenlevel@foot=\count323
\blx@sectionciteorder@0=\count324
\blx@entrysetcounter=\count325
\blx@biblioinstance=\count326
\labelnumberwidth=\skip56
\labelalphawidth=\skip57
\biblabelsep=\skip58
\bibitemsep=\skip59
\bibnamesep=\skip60
\bibinitsep=\skip61
\bibparsep=\skip62
\bibhang=\skip63
\blx@bcfin=\read2
\blx@bcfout=\write3
\blx@langwohyphens=\language79
\c@mincomprange=\count327
\c@maxcomprange=\count328
\c@mincompwidth=\count329
Package biblatex Info: Trying to load biblatex default data model...
Package biblatex Info: ... file 'blx-dm.def' found.
(C:\Program Files\MiKTeX\tex/latex/biblatex\blx-dm.def
File: blx-dm.def 2020/12/31 v3.16 biblatex localization (PK/MW)
)
Package biblatex Info: Trying to load biblatex style data model...
Package biblatex Info: ... file 'windycity.dbx' found.
(C:\Program Files\MiKTeX\tex/latex/windycity\windycity.dbx
File: windycity.dbx 2021/05/02 Windy City data model file for biblatex
)
Package biblatex Info: Trying to load biblatex custom data model...
Package biblatex Info: ... file 'biblatex-dm.cfg' not found.
\c@afterword=\count330
\c@savedafterword=\count331
\c@annotator=\count332
\c@savedannotator=\count333
\c@author=\count334
\c@savedauthor=\count335
\c@bookauthor=\count336
\c@savedbookauthor=\count337
\c@commentator=\count338
\c@savedcommentator=\count339
\c@editor=\count340
\c@savededitor=\count341
\c@editora=\count342
\c@savededitora=\count343
\c@editorb=\count344
\c@savededitorb=\count345
\c@editorc=\count346
\c@savededitorc=\count347
\c@foreword=\count348
\c@savedforeword=\count349
\c@holder=\count350
\c@savedholder=\count351
\c@introduction=\count352
\c@savedintroduction=\count353
\c@namea=\count354
\c@savednamea=\count355
\c@nameb=\count356
\c@savednameb=\count357
\c@namec=\count358
\c@savednamec=\count359
\c@translator=\count360
\c@savedtranslator=\count361
\c@shortauthor=\count362
\c@savedshortauthor=\count363
\c@shorteditor=\count364
\c@savedshorteditor=\count365
\c@preface=\count366
\c@savedpreface=\count367
\c@shortbookauthor=\count368
\c@savedshortbookauthor=\count369
\c@translatora=\count370
\c@savedtranslatora=\count371
\c@translatorb=\count372
\c@savedtranslatorb=\count373
\c@labelname=\count374
\c@savedlabelname=\count375
\c@institution=\count376
\c@savedinstitution=\count377
\c@lista=\count378
\c@savedlista=\count379
\c@listb=\count380
\c@savedlistb=\count381
\c@listc=\count382
\c@savedlistc=\count383
\c@listd=\count384
\c@savedlistd=\count385
\c@liste=\count386
\c@savedliste=\count387
\c@listf=\count388
\c@savedlistf=\count389
\c@location=\count390
\c@savedlocation=\count391
\c@organization=\count392
\c@savedorganization=\count393
\c@origlocation=\count394
\c@savedoriglocation=\count395
\c@origpublisher=\count396
\c@savedorigpublisher=\count397
\c@publisher=\count398
\c@savedpublisher=\count399
\c@language=\count400
\c@savedlanguage=\count401
\c@origlanguage=\count402
\c@savedoriglanguage=\count403
\c@pageref=\count404
\c@savedpageref=\count405
\shorthandwidth=\skip64
\shortjournalwidth=\skip65
\shortserieswidth=\skip66
\shorttitlewidth=\skip67
\shortauthorwidth=\skip68
\shorteditorwidth=\skip69
\locallabelnumberwidth=\skip70
\locallabelalphawidth=\skip71
\localshorthandwidth=\skip72
\localshortjournalwidth=\skip73
\localshortserieswidth=\skip74
\localshorttitlewidth=\skip75
\localshortauthorwidth=\skip76
\localshorteditorwidth=\skip77
Package biblatex Info: Trying to load compatibility code...
Package biblatex Info: ... file 'blx-compat.def' found.
(C:\Program Files\MiKTeX\tex/latex/biblatex\blx-compat.def
File: blx-compat.def 2020/12/31 v3.16 biblatex compatibility (PK/MW)
)
Package biblatex Info: Trying to load generic definitions...
Package biblatex Info: ... file 'biblatex.def' found.
(C:\Program Files\MiKTeX\tex/latex/biblatex\biblatex.def
File: biblatex.def 2020/12/31 v3.16 biblatex compatibility (PK/MW)
\c@textcitecount=\count406
\c@textcitetotal=\count407
\c@textcitemaxnames=\count408
\c@biburlbigbreakpenalty=\count409
\c@biburlbreakpenalty=\count410
\c@biburlnumpenalty=\count411
\c@biburlucpenalty=\count412
\c@biburllcpenalty=\count413
\biburlbigskip=\muskip18
\biburlnumskip=\muskip19
\biburlucskip=\muskip20
\biburllcskip=\muskip21
\c@smartand=\count414
)
Package biblatex Info: Trying to load bibliography style 'windycity'...
Package biblatex Info: ... file 'windycity.bbx' found.
(C:\Program Files\MiKTeX\tex/latex/windycity\windycity.bbx
File: windycity.bbx 2021/05/02 Windy City bibliography style for biblatex
)
Package biblatex Info: Trying to load citation style 'windycity'...
Package biblatex Info: ... file 'windycity.cbx' found.
(C:\Program Files\MiKTeX\tex/latex/windycity\windycity.cbx
File: windycity.cbx 2021/05/02 Windy City citation style for biblatex
Package biblatex Info: Redefining '\cite'.
Package biblatex Info: Redefining '\footcite'.
Package biblatex Info: Redefining '\footfullcite'.
Package biblatex Info: Redefining '\fullcite'.
Package biblatex Info: Redefining '\parencite'.
Package biblatex Info: Redefining '\smartcite'.
Package biblatex Info: Redefining '\smartcites'.
Package biblatex Info: Redefining '\textcite'.
)
Package biblatex Info: Trying to load configuration file...
Package biblatex Info: ... file 'biblatex.cfg' found.
(C:\Program Files\MiKTeX\tex/latex/biblatex\biblatex.cfg
File: biblatex.cfg 
))
\c@theorem=\count415
\c@proposition=\count416
\c@definition=\count417
\c@algorithm=\count418
\@quotelevel=\count419
\@quotereset=\count420
(C:\Program Files\MiKTeX\tex/latex/l3backend\l3backend-pdftex.def
File: l3backend-pdftex.def 2021-05-07 L3 backend support: PDF output (pdfTeX)
\l__color_backend_stack_int=\count421
\l__pdf_internal_box=\box52
) (CharacterizingNonatomic.aux)
\openout1 = `CharacterizingNonatomic.aux'.

LaTeX Font Info:    Checking defaults for OML/cmm/m/it on input line 36.
LaTeX Font Info:    ... okay on input line 36.
LaTeX Font Info:    Checking defaults for OMS/cmsy/m/n on input line 36.
LaTeX Font Info:    ... okay on input line 36.
LaTeX Font Info:    Checking defaults for OT1/cmr/m/n on input line 36.
LaTeX Font Info:    ... okay on input line 36.
LaTeX Font Info:    Checking defaults for T1/cmr/m/n on input line 36.
LaTeX Font Info:    ... okay on input line 36.
LaTeX Font Info:    Checking defaults for TS1/cmr/m/n on input line 36.
LaTeX Font Info:    ... okay on input line 36.
LaTeX Font Info:    Checking defaults for OMX/cmex/m/n on input line 36.
LaTeX Font Info:    ... okay on input line 36.
LaTeX Font Info:    Checking defaults for U/cmr/m/n on input line 36.
LaTeX Font Info:    ... okay on input line 36.
LaTeX Font Info:    Checking defaults for PD1/pdf/m/n on input line 36.
LaTeX Font Info:    ... okay on input line 36.
LaTeX Font Info:    Checking defaults for PU/pdf/m/n on input line 36.
LaTeX Font Info:    ... okay on input line 36.
*geometry* driver: auto-detecting
*geometry* detected driver: pdftex
*geometry* verbose mode - [ preamble ] result:
* driver: pdftex
* paper: a4paper
* layout: <same size as paper>
* layoutoffset:(h,v)=(0.0pt,0.0pt)
* modes: 
* h-part:(L,W,R)=(71.13188pt, 455.24411pt, 71.13188pt)
* v-part:(T,H,B)=(71.13188pt, 702.78308pt, 71.13188pt)
* \paperwidth=597.50787pt
* \paperheight=845.04684pt
* \textwidth=455.24411pt
* \textheight=702.78308pt
* \oddsidemargin=-1.1381pt
* \evensidemargin=-1.1381pt
* \topmargin=-38.1381pt
* \headheight=12.0pt
* \headsep=25.0pt
* \topskip=12.0pt
* \footskip=30.0pt
* \marginparwidth=44.0pt
* \marginparsep=10.0pt
* \columnsep=10.0pt
* \skip\footins=10.8pt plus 4.0pt minus 2.0pt
* \hoffset=0.0pt
* \voffset=0.0pt
* \mag=1000
* \@twocolumnfalse
* \@twosidefalse
* \@mparswitchfalse
* \@reversemarginfalse
* (1in=72.27pt=25.4mm, 1cm=28.453pt)

Package caption Info: Begin \AtBeginDocument code.
Package caption Info: hyperref package is loaded.
Package caption Info: End \AtBeginDocument code.
(C:\Program Files\MiKTeX\tex/context/base/mkii\supp-pdf.mkii
[Loading MPS to PDF converter (version 2006.09.02).]
\scratchcounter=\count422
\scratchdimen=\dimen169
\scratchbox=\box53
\nofMPsegments=\count423
\nofMParguments=\count424
\everyMPshowfont=\toks30
\MPscratchCnt=\count425
\MPscratchDim=\dimen170
\MPnumerator=\count426
\makeMPintoPDFobject=\count427
\everyMPtoPDFconversion=\toks31
) (C:\Program Files\MiKTeX\tex/latex/epstopdf-pkg\epstopdf-base.sty
Package: epstopdf-base 2020-01-24 v2.11 Base part for package epstopdf
(C:\Program Files\MiKTeX\tex/latex/grfext\grfext.sty
Package: grfext 2019/12/03 v1.3 Manage graphics extensions (HO)
)
Package epstopdf-base Info: Redefining graphics rule for `.eps' on input line 4
85.
Package grfext Info: Graphics extension search list:
(grfext)             [.pdf,.png,.jpg,.eps]
(grfext)             \AppendGraphicsExtensions on input line 504.
(C:\Program Files\MiKTeX\tex/latex/00miktex\epstopdf-sys.cfg
File: epstopdf-sys.cfg 2021/03/18 v2.0 Configuration of epstopdf for MiKTeX
))
Package hyperref Info: Link coloring OFF on input line 36.
(C:\Program Files\MiKTeX\tex/latex/hyperref\nameref.sty
Package: nameref 2021-04-02 v2.47 Cross-referencing by name of section
(C:\Program Files\MiKTeX\tex/latex/refcount\refcount.sty
Package: refcount 2019/12/15 v3.6 Data extraction from label references (HO)
) (C:\Program Files\MiKTeX\tex/generic/gettitlestring\gettitlestring.sty
Package: gettitlestring 2019/12/15 v1.6 Cleanup title references (HO)
)
\c@section@level=\count428
)
LaTeX Info: Redefining \ref on input line 36.
LaTeX Info: Redefining \pageref on input line 36.
LaTeX Info: Redefining \nameref on input line 36.
(CharacterizingNonatomic.out) (CharacterizingNonatomic.out)
\@outlinefile=\write4
\openout4 = `CharacterizingNonatomic.out'.

Package biblatex Info: Trying to load language 'english' -> 'american-windycity
'...
Package biblatex Info: ... file 'american-windycity.lbx' found.
(C:\Program Files\MiKTeX\tex/latex/windycity\american-windycity.lbx
File: american-windycity.lbx 2021/05/02 Windy City localization module for bibl
atex
Package biblatex Info: Trying to load language 'american' -> 'american-windycit
y'...
Package biblatex Info: ... file 'american-windycity.lbx' found.
(C:\Program Files\MiKTeX\tex/latex/windycity\american-windycity.lbx
File: american-windycity.lbx 2021/05/02 Windy City localization module for bibl
atex
Package biblatex Info: Trying to load language 'american'...
Package biblatex Info: ... file 'american.lbx' found.
(C:\Program Files\MiKTeX\tex/latex/biblatex/lbx\american.lbx
File: american.lbx 2020/12/31 v3.16 biblatex localization (PK/MW)
Package biblatex Info: Trying to load language 'english'...
Package biblatex Info: ... file 'english.lbx' found.
(C:\Program Files\MiKTeX\tex/latex/biblatex/lbx\english.lbx
File: english.lbx 2020/12/31 v3.16 biblatex localization (PK/MW)
)))
Package biblatex Info: Trying to load language 'american' -> 'american-windycit
y'...
Package biblatex Info: ... file 'american-windycity.lbx' found.
(C:\Program Files\MiKTeX\tex/latex/windycity\american-windycity.lbx
File: american-windycity.lbx 2021/05/02 Windy City localization module for bibl
atex
Package biblatex Info: Trying to load language 'american'...
Package biblatex Info: ... file 'american.lbx' found.
(C:\Program Files\MiKTeX\tex/latex/biblatex/lbx\american.lbx
File: american.lbx 2020/12/31 v3.16 biblatex localization (PK/MW)
Package biblatex Info: Trying to load language 'english'...
Package biblatex Info: ... file 'english.lbx' found.
(C:\Program Files\MiKTeX\tex/latex/biblatex/lbx\english.lbx
File: english.lbx 2020/12/31 v3.16 biblatex localization (PK/MW)
))))
Package biblatex Info: Input encoding 'utf8' detected.
Package biblatex Info: Automatic encoding selection.
(biblatex)             Assuming data encoding 'utf8'.
Package biblatex Info: Document encoding is UTF8 ....
(C:\Program Files\MiKTeX\tex/latex/l3kernel\expl3.sty
Package: expl3 2021-06-01 L3 programming layer (loader) 
)
Package biblatex Info: ... and expl3
(biblatex)             2021-06-01 L3 programming layer (loader) 
(biblatex)             is new enough (at least 2020/04/06),
(biblatex)             setting 'casechanger=expl3'.
(C:\Program Files\MiKTeX\tex/latex/biblatex\blx-case-expl3.sty (C:\Program File
s\MiKTeX\tex/latex/l3packages/xparse\xparse.sty
Package: xparse 2021-06-01 L3 Experimental document command parser
)
Package: blx-case-expl3 2020/12/31 v3.16 expl3 case changing code for biblatex
)
\openout3 = `CharacterizingNonatomic.bcf'.

Package biblatex Info: Trying to load bibliographic data...
Package biblatex Info: ... file 'CharacterizingNonatomic.bbl' found.
(CharacterizingNonatomic.bbl)
Package biblatex Info: Reference section=0 on input line 36.
Package biblatex Info: Reference segment=0 on input line 36.
LaTeX Font Info:    Trying to load font information for U+msa on input line 44.

(C:\Program Files\MiKTeX\tex/latex/amsfonts\umsa.fd
File: umsa.fd 2013/01/14 v3.01 AMS symbols A
)
LaTeX Font Info:    Trying to load font information for U+msb on input line 44.

(C:\Program Files\MiKTeX\tex/latex/amsfonts\umsb.fd
File: umsb.fd 2013/01/14 v3.01 AMS symbols B
) [1

{C:/Users/Max/AppData/Local/MiKTeX/pdftex/config/pdftex.map}] (CharacterizingNo
natomic.toc)
\tf@toc=\write5
\openout5 = `CharacterizingNonatomic.toc'.

[2] [3] [4] [5] [6]pdfTeX warning (ext4): destination with the same identifier 
(name{equation.2.1}) has been already used, duplicate ignored
<to be read again> 
                   \relax 
l.120 \end{align}
                 pdfTeX warning (ext4): destination with the same identifier (n
ame{equation.2.2}) has been already used, duplicate ignored
<to be read again> 
                   \relax 
l.120 \end{align}
                  [7]pdfTeX warning (ext4): destination with the same identifie
r (name{equation.2.1}) has been already used, duplicate ignored
<to be read again> 
                   \relax 
l.146 \end{align}
                  [8]
<plots/stylized-utility.pdf, id=307, 501.875pt x 501.875pt>
File: plots/stylized-utility.pdf Graphic file (type pdf)
<use plots/stylized-utility.pdf>
Package pdftex.def Info: plots/stylized-utility.pdf  used on input line 164.
(pdftex.def)             Requested size: 318.66948pt x 318.68707pt.
[9 <./plots/stylized-utility.pdf>] [10] [11] [12]
Overfull \hbox (7.00371pt too wide) in paragraph at lines 264--264
[]\OT1/cmr/bx/n/12 Theorem 5. \OT1/cmr/m/it/12 When $\OML/cmm/m/it/12 $ \OT1/c
mr/m/it/12 has full sup-port, the student-proposing DA al-go-rithm is a t^atonn
ement
 []

[13] [14] [15]pdfTeX warning (ext4): destination with the same identifier (name
{equation.2.1}) has been already used, duplicate ignored
<to be read again> 
                   \relax 
l.338 \end{gather}
                   [16] [17] [18]

Package hyperref Warning: Token not allowed in a PDF string (Unicode):
(hyperref)                removing `math shift' on input line 397.


Package hyperref Warning: Token not allowed in a PDF string (Unicode):
(hyperref)                removing `\eta' on input line 397.


Package hyperref Warning: Token not allowed in a PDF string (Unicode):
(hyperref)                removing `math shift' on input line 397.

[19]
Overfull \hbox (2.44003pt too wide) detected at line 481
[]
 []

[20] [21]pdfTeX warning (ext4): destination with the same identifier (name{equa
tion.3.1}) has been already used, duplicate ignored
<to be read again> 
                   \relax 
l.511 \end{gather}
                  pdfTeX warning (ext4): destination with the same identifier (
name{equation.3.2}) has been already used, duplicate ignored
<to be read again> 
                   \relax 
l.530 \begin{equation}
                       \label{Ainv}pdfTeX warning (ext4): destination with the 
same identifier (name{equation.3.2}) has been already used, duplicate ignored
<to be read again> 
                   \relax 
l.530 \begin{equation}
                       \label{Ainv}pdfTeX warning (ext4): destination with the 
same identifier (name{equation.3.2}) has been already used, duplicate ignored
<to be read again> 
                   \relax 
l.530 \begin{equation}
                       \label{Ainv}pdfTeX warning (ext4): destination with the 
same identifier (name{equation.3.2}) has been already used, duplicate ignored
<to be read again> 
                   \relax 
l.530 \begin{equation}
                       \label{Ainv}pdfTeX warning (ext4): destination with the 
same identifier (name{equation.3.3}) has been already used, duplicate ignored
<to be read again> 
                   \relax 
l.543 \end{align}
                  [22]pdfTeX warning (ext4): destination with the same identifi
er (name{equation.3.4}) has been already used, duplicate ignored
<to be read again> 
                   \relax 
l.567 \end{aligned}\end{gather}
                               pdfTeX warning (ext4): destination with the same
 identifier (name{equation.3.5}) has been already used, duplicate ignored
<to be read again> 
                   \relax 
l.569 \begin{equation}
                       \label{Tdef}pdfTeX warning (ext4): destination with the 
same identifier (name{equation.3.5}) has been already used, duplicate ignored
<to be read again> 
                   \relax 
l.569 \begin{equation}
                       \label{Tdef}pdfTeX warning (ext4): destination with the 
same identifier (name{equation.3.5}) has been already used, duplicate ignored
<to be read again> 
                   \relax 
l.569 \begin{equation}
                       \label{Tdef}pdfTeX warning (ext4): destination with the 
same identifier (name{equation.3.5}) has been already used, duplicate ignored
<to be read again> 
                   \relax 
l.569 \begin{equation}
                       \label{Tdef}pdfTeX warning (ext4): destination with the 
same identifier (name{equation.3.6}) has been already used, duplicate ignored
<to be read again> 
                   \relax 
l.582 \end{align}
                 pdfTeX warning (ext4): destination with the same identifier (n
ame{equation.3.7}) has been already used, duplicate ignored
<to be read again> 
                   \relax 
l.594 \end{align}
                  [23] [24]pdfTeX warning (ext4): destination with the same ide
ntifier (name{equation.3.1}) has been already used, duplicate ignored
<to be read again> 
                   \relax 
l.620 \begin{equation}
                       \label{jac-gamma-demand-uncons}pdfTeX warning (ext4): de
stination with the same identifier (name{equation.3.1}) has been already used, 
duplicate ignored
<to be read again> 
                   \relax 
l.620 \begin{equation}
                       \label{jac-gamma-demand-uncons}pdfTeX warning (ext4): de
stination with the same identifier (name{equation.3.1}) has been already used, 
duplicate ignored
<to be read again> 
                   \relax 
l.620 \begin{equation}
                       \label{jac-gamma-demand-uncons}pdfTeX warning (ext4): de
stination with the same identifier (name{equation.3.1}) has been already used, 
duplicate ignored
<to be read again> 
                   \relax 
l.620 \begin{equation}
                       \label{jac-gamma-demand-uncons}pdfTeX warning (ext4): de
stination with the same identifier (name{equation.3.2}) has been already used, 
duplicate ignored
<to be read again> 
                   \relax 
l.633 \begin{equation}
                      pdfTeX warning (ext4): destination with the same identifi
er (name{equation.3.2}) has been already used, duplicate ignored
<to be read again> 
                   \relax 
l.633 \begin{equation}
                      pdfTeX warning (ext4): destination with the same identifi
er (name{equation.3.2}) has been already used, duplicate ignored
<to be read again> 
                   \relax 
l.633 \begin{equation}
                      pdfTeX warning (ext4): destination with the same identifi
er (name{equation.3.2}) has been already used, duplicate ignored
<to be read again> 
                   \relax 
l.633 \begin{equation}
                       [25]pdfTeX warning (ext4): destination with the same ide
ntifier (name{equation.3.1}) has been already used, duplicate ignored
<to be read again> 
                   \relax 
l.655 \begin{equation}
                       \label{yetanothereqcutoff}pdfTeX warning (ext4): destina
tion with the same identifier (name{equation.3.1}) has been already used, dupli
cate ignored
<to be read again> 
                   \relax 
l.655 \begin{equation}
                       \label{yetanothereqcutoff}pdfTeX warning (ext4): destina
tion with the same identifier (name{equation.3.1}) has been already used, dupli
cate ignored
<to be read again> 
                   \relax 
l.655 \begin{equation}
                       \label{yetanothereqcutoff}pdfTeX warning (ext4): destina
tion with the same identifier (name{equation.3.1}) has been already used, dupli
cate ignored
<to be read again> 
                   \relax 
l.655 \begin{equation}
                       \label{yetanothereqcutoff}pdfTeX warning (ext4): destina
tion with the same identifier (name{equation.3.2}) has been already used, dupli
cate ignored
<to be read again> 
                   \relax 
l.663 \begin{equation}
                      \label{jac-gamma-p}pdfTeX warning (ext4): destination wit
h the same identifier (name{equation.3.2}) has been already used, duplicate ign
ored
<to be read again> 
                   \relax 
l.663 \begin{equation}
                      \label{jac-gamma-p}pdfTeX warning (ext4): destination wit
h the same identifier (name{equation.3.2}) has been already used, duplicate ign
ored
<to be read again> 
                   \relax 
l.663 \begin{equation}
                      \label{jac-gamma-p}pdfTeX warning (ext4): destination wit
h the same identifier (name{equation.3.2}) has been already used, duplicate ign
ored
<to be read again> 
                   \relax 
l.663 \begin{equation}
                      \label{jac-gamma-p}pdfTeX warning (ext4): destination wit
h the same identifier (name{equation.3.3}) has been already used, duplicate ign
ored
<to be read again> 
                   \relax 
l.676 \begin{equation}
                       \label{jac-gamma-demand}pdfTeX warning (ext4): destinati
on with the same identifier (name{equation.3.3}) has been already used, duplica
te ignored
<to be read again> 
                   \relax 
l.676 \begin{equation}
                       \label{jac-gamma-demand}pdfTeX warning (ext4): destinati
on with the same identifier (name{equation.3.3}) has been already used, duplica
te ignored
<to be read again> 
                   \relax 
l.676 \begin{equation}
                       \label{jac-gamma-demand}pdfTeX warning (ext4): destinati
on with the same identifier (name{equation.3.3}) has been already used, duplica
te ignored
<to be read again> 
                   \relax 
l.676 \begin{equation}
                       \label{jac-gamma-demand}pdfTeX warning (ext4): destinati
on with the same identifier (name{equation.3.4}) has been already used, duplica
te ignored
<to be read again> 
                   \relax 
l.693 \begin{equation}
                      \label{jac-q-p}pdfTeX warning (ext4): destination with th
e same identifier (name{equation.3.4}) has been already used, duplicate ignored

<to be read again> 
                   \relax 
l.693 \begin{equation}
                      \label{jac-q-p}pdfTeX warning (ext4): destination with th
e same identifier (name{equation.3.4}) has been already used, duplicate ignored

<to be read again> 
                   \relax 
l.693 \begin{equation}
                      \label{jac-q-p}pdfTeX warning (ext4): destination with th
e same identifier (name{equation.3.4}) has been already used, duplicate ignored

<to be read again> 
                   \relax 
l.693 \begin{equation}
                      \label{jac-q-p} [26]pdfTeX warning (ext4): destination wi
th the same identifier (name{equation.3.5}) has been already used, duplicate ig
nored
<to be read again> 
                   \relax 
l.703 \begin{equation}
                      \mathbf{J}_q D(\hat p) =pdfTeX warning (ext4): destinatio
n with the same identifier (name{equation.3.5}) has been already used, duplicat
e ignored
<to be read again> 
                   \relax 
l.703 \begin{equation}
                      \mathbf{J}_q D(\hat p) =pdfTeX warning (ext4): destinatio
n with the same identifier (name{equation.3.5}) has been already used, duplicat
e ignored
<to be read again> 
                   \relax 
l.703 \begin{equation}
                      \mathbf{J}_q D(\hat p) =pdfTeX warning (ext4): destinatio
n with the same identifier (name{equation.3.5}) has been already used, duplicat
e ignored
<to be read again> 
                   \relax 
l.703 \begin{equation}
                      \mathbf{J}_q D(\hat p) =
<plots/gammaq-pstar.pdf, id=494, 803.0pt x 702.625pt>
File: plots/gammaq-pstar.pdf Graphic file (type pdf)
<use plots/gammaq-pstar.pdf>
Package pdftex.def Info: plots/gammaq-pstar.pdf  used on input line 748.
(pdftex.def)             Requested size: 455.24411pt x 398.34544pt.
pdfTeX warning (ext4): destination with the same identifier (name{equation.3.1}
) has been already used, duplicate ignored
<to be read again> 
                   \relax 
l.762 \end{gather}
                   [27] [28 <./plots/gammaq-pstar.pdf>]
<plots/tat-iter-cutoff.pdf, id=519, 602.25pt x 401.5pt>
File: plots/tat-iter-cutoff.pdf Graphic file (type pdf)
<use plots/tat-iter-cutoff.pdf>
Package pdftex.def Info: plots/tat-iter-cutoff.pdf  used on input line 770.
(pdftex.def)             Requested size: 455.24411pt x 303.50742pt.
<plots/score-cutoff-choice.pdf, id=522, 702.625pt x 451.6875pt>
File: plots/score-cutoff-choice.pdf Graphic file (type pdf)
<use plots/score-cutoff-choice.pdf>
Package pdftex.def Info: plots/score-cutoff-choice.pdf  used on input line 780.

(pdftex.def)             Requested size: 455.24411pt x 292.66295pt.
<plots/score-DA-placement.pdf, id=523, 702.625pt x 451.6875pt>
File: plots/score-DA-placement.pdf Graphic file (type pdf)
<use plots/score-DA-placement.pdf>
Package pdftex.def Info: plots/score-DA-placement.pdf  used on input line 789.
(pdftex.def)             Requested size: 455.24411pt x 292.66295pt.

Overfull \hbox (10.47328pt too wide) in paragraph at lines 796--797
[]\OT1/cmr/m/n/12 Figures []6[] and []7[] vi-su-al-ize the in-cen-tive anal-y-s
is un-der two dif-fer-ent as-sign-ment paradigms.
 []

[29 <./plots/tat-iter-cutoff.pdf>] [30 <./plots/score-cutoff-choice.pdf>] [31 <
./plots/score-DA-placement.pdf>]
<plots/vary-gamma-demand.pdf, id=551, 602.25pt x 401.5pt>
File: plots/vary-gamma-demand.pdf Graphic file (type pdf)
<use plots/vary-gamma-demand.pdf>
Package pdftex.def Info: plots/vary-gamma-demand.pdf  used on input line 804.
(pdftex.def)             Requested size: 455.24411pt x 303.50742pt.
<plots/vary-gamma-cutoff.pdf, id=554, 602.25pt x 401.5pt>
File: plots/vary-gamma-cutoff.pdf Graphic file (type pdf)
<use plots/vary-gamma-cutoff.pdf>
Package pdftex.def Info: plots/vary-gamma-cutoff.pdf  used on input line 826.
(pdftex.def)             Requested size: 455.24411pt x 303.50742pt.
pdfTeX warning (ext4): destination with the same identifier (name{equation.3.1}
) has been already used, duplicate ignored
<to be read again> 
                   \relax 
l.855 \begin{equation}
                      pdfTeX warning (ext4): destination with the same identifi
er (name{equation.3.1}) has been already used, duplicate ignored
<to be read again> 
                   \relax 
l.855 \begin{equation}
                      pdfTeX warning (ext4): destination with the same identifi
er (name{equation.3.1}) has been already used, duplicate ignored
<to be read again> 
                   \relax 
l.855 \begin{equation}
                      pdfTeX warning (ext4): destination with the same identifi
er (name{equation.3.1}) has been already used, duplicate ignored
<to be read again> 
                   \relax 
l.855 \begin{equation}
                      pdfTeX warning (ext4): destination with the same identifi
er (name{equation.3.2}) has been already used, duplicate ignored
<to be read again> 
                   \relax 
l.869 \end{align}
                 pdfTeX warning (ext4): destination with the same identifier (n
ame{equation.3.3}) has been already used, duplicate ignored
<to be read again> 
                   \relax 
l.869 \end{align}
                  [32] [33 <./plots/vary-gamma-demand.pdf>] [34 <./plots/vary-g
amma-cutoff.pdf>]pdfTeX warning (ext4): destination with the same identifier (n
ame{equation.3.4}) has been already used, duplicate ignored
<to be read again> 
                   \relax 
l.878 \end{align}
                 pdfTeX warning (ext4): destination with the same identifier (n
ame{equation.3.5}) has been already used, duplicate ignored
<to be read again> 
                   \relax 
l.878 \end{align}
                  [35] [36] [37]
<plots/US-cutoff-gamma.pdf, id=609, 602.25pt x 602.25pt>
File: plots/US-cutoff-gamma.pdf Graphic file (type pdf)
<use plots/US-cutoff-gamma.pdf>
Package pdftex.def Info: plots/US-cutoff-gamma.pdf  used on input line 908.
(pdftex.def)             Requested size: 455.24411pt x 455.26112pt.

LaTeX Warning: No positions in optional float specifier.
               Default added (so using `tbp') on input line 917.


Overfull \hbox (65.62943pt too wide) in paragraph at lines 918--942
[][] 
 []

<plots/three-demand-curves.pdf, id=611, 702.625pt x 501.875pt>
File: plots/three-demand-curves.pdf Graphic file (type pdf)
<use plots/three-demand-curves.pdf>
Package pdftex.def Info: plots/three-demand-curves.pdf  used on input line 950.

(pdftex.def)             Requested size: 455.24411pt x 325.18105pt.
<plots/caltech-demand-curve.pdf, id=613, 702.625pt x 501.875pt>
File: plots/caltech-demand-curve.pdf Graphic file (type pdf)
<use plots/caltech-demand-curve.pdf>
Package pdftex.def Info: plots/caltech-demand-curve.pdf  used on input line 961
.
(pdftex.def)             Requested size: 455.24411pt x 325.18105pt.
[38] [39 <./plots/US-cutoff-gamma.pdf>] [40 <./plots/three-demand-curves.pdf>] 
[41 <./plots/caltech-demand-curve.pdf>]

Package hyperref Warning: Token not allowed in a PDF string (Unicode):
(hyperref)                removing `math shift' on input line 978.


Package hyperref Warning: Token not allowed in a PDF string (Unicode):
(hyperref)                removing `\gamma' on input line 978.


Package hyperref Warning: Token not allowed in a PDF string (Unicode):
(hyperref)                removing `math shift' on input line 978.

[42] [43] [44]
Overfull \hbox (0.99413pt too wide) in paragraph at lines 1001--1001
\OT1/cmr/m/n/12 How Com-pe-ti-tion Guides De-sign.'' \OT1/cmr/m/it/12 Jour-nal 
of Eco-nomic The-ory \OT1/cmr/m/n/12 190: ar-ti-cle no. 105120.
 []


Overfull \hbox (7.17117pt too wide) in paragraph at lines 1001--1001
[][]\OT1/cmr/m/n/12 College Board. 2015. \OT1/cmr/m/it/12 SAT Per-centile Ranks
\OT1/cmr/m/n/12 . []$https : / / web . archive . org / web / 20160331125512 /
 []

[45]
Overfull \hbox (24.74907pt too wide) in paragraph at lines 1001--1001
[][]\OT1/cmr/m/n/12 Kapur, Max. 2021. Stu-dent-Pref-s-RevOpt. []$https : / / gi
thub . com / maxkapur / StudentPrefsRevOpt$[]. 
 []

[46] [47] (CharacterizingNonatomic.aux)
Package rerunfilecheck Info: File `CharacterizingNonatomic.out' has not changed
.
(rerunfilecheck)             Checksum: D7D21765DB86A8B5B4F610D079B76F32;8406.
Package logreq Info: Writing requests to 'CharacterizingNonatomic.run.xml'.
\openout1 = `CharacterizingNonatomic.run.xml'.

 ) 
Here is how much of TeX's memory you used:
 19513 strings out of 478864
 335618 string characters out of 2858523
 1154085 words of memory out of 3000000
 37008 multiletter control sequences out of 15000+600000
 417945 words of font info for 81 fonts, out of 8000000 for 9000
 1141 hyphenation exceptions out of 8191
 60i,25n,66p,1853b,1639s stack positions out of 5000i,500n,10000p,200000b,80000s
 <C:\Users\Max\AppData\Local\MiKTeX\fonts/pk/ljfour/jknappen/ec/dpi600\tcrm12
00.pk> <C:\Users\Max\AppData\Local\MiKTeX\fonts/pk/ljfour/jknappen/ec/dpi600\tc
rm0700.pk> <C:\Users\Max\AppData\Local\MiKTeX\fonts/pk/ljfour/jknappen/ec/dpi60
0\tcrm1000.pk><C:/Program Files/MiKTeX/fonts/type1/public/amsfonts/cm/cmbx10.pf
b><C:/Program Files/MiKTeX/fonts/type1/public/amsfonts/cm/cmbx12.pfb><C:/Progra
m Files/MiKTeX/fonts/type1/public/amsfonts/cm/cmex10.pfb><C:/Program Files/MiKT
eX/fonts/type1/public/amsfonts/cmextra/cmex8.pfb><C:/Program Files/MiKTeX/fonts
/type1/public/amsfonts/cm/cmmi10.pfb><C:/Program Files/MiKTeX/fonts/type1/publi
c/amsfonts/cm/cmmi12.pfb><C:/Program Files/MiKTeX/fonts/type1/public/amsfonts/c
m/cmmi6.pfb><C:/Program Files/MiKTeX/fonts/type1/public/amsfonts/cm/cmmi7.pfb><
C:/Program Files/MiKTeX/fonts/type1/public/amsfonts/cm/cmmi8.pfb><C:/Program Fi
les/MiKTeX/fonts/type1/public/amsfonts/cm/cmr10.pfb><C:/Program Files/MiKTeX/fo
nts/type1/public/amsfonts/cm/cmr12.pfb><C:/Program Files/MiKTeX/fonts/type1/pub
lic/amsfonts/cm/cmr17.pfb><C:/Program Files/MiKTeX/fonts/type1/public/amsfonts/
cm/cmr6.pfb><C:/Program Files/MiKTeX/fonts/type1/public/amsfonts/cm/cmr7.pfb><C
:/Program Files/MiKTeX/fonts/type1/public/amsfonts/cm/cmr8.pfb><C:/Program File
s/MiKTeX/fonts/type1/public/amsfonts/cm/cmsy10.pfb><C:/Program Files/MiKTeX/fon
ts/type1/public/amsfonts/cm/cmsy6.pfb><C:/Program Files/MiKTeX/fonts/type1/publ
ic/amsfonts/cm/cmsy8.pfb><C:/Program Files/MiKTeX/fonts/type1/public/amsfonts/c
m/cmti10.pfb><C:/Program Files/MiKTeX/fonts/type1/public/amsfonts/cm/cmti12.pfb
><C:/Program Files/MiKTeX/fonts/type1/public/amsfonts/latxfont/line10.pfb><C:/P
rogram Files/MiKTeX/fonts/type1/public/amsfonts/symbols/msbm10.pfb>
Output written on CharacterizingNonatomic.pdf (47 pages, 1294372 bytes).
PDF statistics:
 870 PDF objects out of 1000 (max. 8388607)
 190 named destinations out of 1000 (max. 500000)
 347 words of extra memory for PDF output out of 10000 (max. 10000000)

